Frequency: 1.6 GHz
Arch: generic-rv64
Mode: Throughput
No instructions specified, measuring all instructions from opcode 0 to 13779
-----ADD-----
	lowerTP: 0.504 upperTP: 0.504

-----ADDW-----
	lowerTP: 0.501 upperTP: 0.501

-----ADD_UW-----
	failed for reason: ERROR_ASSEMBLY

-----AES64DS-----
	failed for reason: ERROR_ASSEMBLY

-----AES64DSM-----
	failed for reason: ERROR_ASSEMBLY

-----AES64ES-----
	failed for reason: ERROR_ASSEMBLY

-----AES64ESM-----
	failed for reason: ERROR_ASSEMBLY

-----AES64IM-----
	failed for reason: ERROR_ASSEMBLY

-----AES64KS2-----
	failed for reason: ERROR_ASSEMBLY

-----AND-----
	lowerTP: 0.501 upperTP: 0.501

-----ANDN-----
	failed for reason: ERROR_ASSEMBLY

-----BCLR-----
	failed for reason: ERROR_ASSEMBLY

-----BEXT-----
	failed for reason: ERROR_ASSEMBLY

-----BINV-----
	failed for reason: ERROR_ASSEMBLY

-----BREV8-----
	failed for reason: ERROR_ASSEMBLY

-----BSET-----
	failed for reason: ERROR_ASSEMBLY

-----CCMOV-----
	failed for reason: ERROR_ASSEMBLY

-----CLMUL-----
	failed for reason: ERROR_ASSEMBLY

-----CLMULH-----
	failed for reason: ERROR_ASSEMBLY

-----CLMULR-----
	failed for reason: ERROR_ASSEMBLY

-----CLZ-----
	failed for reason: ERROR_ASSEMBLY

-----CLZW-----
	failed for reason: ERROR_ASSEMBLY

-----CM_MVA01S-----
	failed for reason: ERROR_ASSEMBLY

-----CM_MVSA01-----
	failed for reason: ERROR_ASSEMBLY

-----CPOP-----
	failed for reason: ERROR_ASSEMBLY

-----CPOPW-----
	failed for reason: ERROR_ASSEMBLY

-----CTZ-----
	failed for reason: ERROR_ASSEMBLY

-----CTZW-----
	failed for reason: ERROR_ASSEMBLY

-----CV_ABS-----
	failed for reason: ERROR_ASSEMBLY

-----CV_ABS_B-----
	failed for reason: ERROR_ASSEMBLY

-----CV_ABS_H-----
	failed for reason: ERROR_ASSEMBLY

-----CV_ADDNR-----
	failed for reason: ERROR_ASSEMBLY

-----CV_ADDRNR-----
	failed for reason: ERROR_ASSEMBLY

-----CV_ADDUNR-----
	failed for reason: ERROR_ASSEMBLY

-----CV_ADDURNR-----
	failed for reason: ERROR_ASSEMBLY

-----CV_ADD_B-----
	failed for reason: ERROR_ASSEMBLY

-----CV_ADD_DIV2-----
	failed for reason: ERROR_ASSEMBLY

-----CV_ADD_DIV4-----
	failed for reason: ERROR_ASSEMBLY

-----CV_ADD_DIV8-----
	failed for reason: ERROR_ASSEMBLY

-----CV_ADD_H-----
	failed for reason: ERROR_ASSEMBLY

-----CV_ADD_SC_B-----
	failed for reason: ERROR_ASSEMBLY

-----CV_ADD_SC_H-----
	failed for reason: ERROR_ASSEMBLY

-----CV_AND_B-----
	failed for reason: ERROR_ASSEMBLY

-----CV_AND_H-----
	failed for reason: ERROR_ASSEMBLY

-----CV_AND_SC_B-----
	failed for reason: ERROR_ASSEMBLY

-----CV_AND_SC_H-----
	failed for reason: ERROR_ASSEMBLY

-----CV_AVGU_B-----
	failed for reason: ERROR_ASSEMBLY

-----CV_AVGU_H-----
	failed for reason: ERROR_ASSEMBLY

-----CV_AVGU_SC_B-----
	failed for reason: ERROR_ASSEMBLY

-----CV_AVGU_SC_H-----
	failed for reason: ERROR_ASSEMBLY

-----CV_AVG_B-----
	failed for reason: ERROR_ASSEMBLY

-----CV_AVG_H-----
	failed for reason: ERROR_ASSEMBLY

-----CV_AVG_SC_B-----
	failed for reason: ERROR_ASSEMBLY

-----CV_AVG_SC_H-----
	failed for reason: ERROR_ASSEMBLY

-----CV_BCLRR-----
	failed for reason: ERROR_ASSEMBLY

-----CV_BSETR-----
	failed for reason: ERROR_ASSEMBLY

-----CV_CLB-----
	failed for reason: ERROR_ASSEMBLY

-----CV_CLIPR-----
	failed for reason: ERROR_ASSEMBLY

-----CV_CLIPUR-----
	failed for reason: ERROR_ASSEMBLY

-----CV_CMPEQ_B-----
	failed for reason: ERROR_ASSEMBLY

-----CV_CMPEQ_H-----
	failed for reason: ERROR_ASSEMBLY

-----CV_CMPEQ_SC_B-----
	failed for reason: ERROR_ASSEMBLY

-----CV_CMPEQ_SC_H-----
	failed for reason: ERROR_ASSEMBLY

-----CV_CMPGEU_B-----
	failed for reason: ERROR_ASSEMBLY

-----CV_CMPGEU_H-----
	failed for reason: ERROR_ASSEMBLY

-----CV_CMPGEU_SC_B-----
	failed for reason: ERROR_ASSEMBLY

-----CV_CMPGEU_SC_H-----
	failed for reason: ERROR_ASSEMBLY

-----CV_CMPGE_B-----
	failed for reason: ERROR_ASSEMBLY

-----CV_CMPGE_H-----
	failed for reason: ERROR_ASSEMBLY

-----CV_CMPGE_SC_B-----
	failed for reason: ERROR_ASSEMBLY

-----CV_CMPGE_SC_H-----
	failed for reason: ERROR_ASSEMBLY

-----CV_CMPGTU_B-----
	failed for reason: ERROR_ASSEMBLY

-----CV_CMPGTU_H-----
	failed for reason: ERROR_ASSEMBLY

-----CV_CMPGTU_SC_B-----
	failed for reason: ERROR_ASSEMBLY

-----CV_CMPGTU_SC_H-----
	failed for reason: ERROR_ASSEMBLY

-----CV_CMPGT_B-----
	failed for reason: ERROR_ASSEMBLY

-----CV_CMPGT_H-----
	failed for reason: ERROR_ASSEMBLY

-----CV_CMPGT_SC_B-----
	failed for reason: ERROR_ASSEMBLY

-----CV_CMPGT_SC_H-----
	failed for reason: ERROR_ASSEMBLY

-----CV_CMPLEU_B-----
	failed for reason: ERROR_ASSEMBLY

-----CV_CMPLEU_H-----
	failed for reason: ERROR_ASSEMBLY

-----CV_CMPLEU_SC_B-----
	failed for reason: ERROR_ASSEMBLY

-----CV_CMPLEU_SC_H-----
	failed for reason: ERROR_ASSEMBLY

-----CV_CMPLE_B-----
	failed for reason: ERROR_ASSEMBLY

-----CV_CMPLE_H-----
	failed for reason: ERROR_ASSEMBLY

-----CV_CMPLE_SC_B-----
	failed for reason: ERROR_ASSEMBLY

-----CV_CMPLE_SC_H-----
	failed for reason: ERROR_ASSEMBLY

-----CV_CMPLTU_B-----
	failed for reason: ERROR_ASSEMBLY

-----CV_CMPLTU_H-----
	failed for reason: ERROR_ASSEMBLY

-----CV_CMPLTU_SC_B-----
	failed for reason: ERROR_ASSEMBLY

-----CV_CMPLTU_SC_H-----
	failed for reason: ERROR_ASSEMBLY

-----CV_CMPLT_B-----
	failed for reason: ERROR_ASSEMBLY

-----CV_CMPLT_H-----
	failed for reason: ERROR_ASSEMBLY

-----CV_CMPLT_SC_B-----
	failed for reason: ERROR_ASSEMBLY

-----CV_CMPLT_SC_H-----
	failed for reason: ERROR_ASSEMBLY

-----CV_CMPNE_B-----
	failed for reason: ERROR_ASSEMBLY

-----CV_CMPNE_H-----
	failed for reason: ERROR_ASSEMBLY

-----CV_CMPNE_SC_B-----
	failed for reason: ERROR_ASSEMBLY

-----CV_CMPNE_SC_H-----
	failed for reason: ERROR_ASSEMBLY

-----CV_CNT-----
	failed for reason: ERROR_ASSEMBLY

-----CV_CPLXCONJ-----
	failed for reason: ERROR_ASSEMBLY

-----CV_CPLXMUL_I-----
	failed for reason: ERROR_ASSEMBLY

-----CV_CPLXMUL_I_DIV2-----
	failed for reason: ERROR_ASSEMBLY

-----CV_CPLXMUL_I_DIV4-----
	failed for reason: ERROR_ASSEMBLY

-----CV_CPLXMUL_I_DIV8-----
	failed for reason: ERROR_ASSEMBLY

-----CV_CPLXMUL_R-----
	failed for reason: ERROR_ASSEMBLY

-----CV_CPLXMUL_R_DIV2-----
	failed for reason: ERROR_ASSEMBLY

-----CV_CPLXMUL_R_DIV4-----
	failed for reason: ERROR_ASSEMBLY

-----CV_CPLXMUL_R_DIV8-----
	failed for reason: ERROR_ASSEMBLY

-----CV_DOTSP_B-----
	failed for reason: ERROR_ASSEMBLY

-----CV_DOTSP_H-----
	failed for reason: ERROR_ASSEMBLY

-----CV_DOTSP_SC_B-----
	failed for reason: ERROR_ASSEMBLY

-----CV_DOTSP_SC_H-----
	failed for reason: ERROR_ASSEMBLY

-----CV_DOTUP_B-----
	failed for reason: ERROR_ASSEMBLY

-----CV_DOTUP_H-----
	failed for reason: ERROR_ASSEMBLY

-----CV_DOTUP_SC_B-----
	failed for reason: ERROR_ASSEMBLY

-----CV_DOTUP_SC_H-----
	failed for reason: ERROR_ASSEMBLY

-----CV_DOTUSP_B-----
	failed for reason: ERROR_ASSEMBLY

-----CV_DOTUSP_H-----
	failed for reason: ERROR_ASSEMBLY

-----CV_DOTUSP_SC_B-----
	failed for reason: ERROR_ASSEMBLY

-----CV_DOTUSP_SC_H-----
	failed for reason: ERROR_ASSEMBLY

-----CV_EXTBS-----
	failed for reason: ERROR_ASSEMBLY

-----CV_EXTBZ-----
	failed for reason: ERROR_ASSEMBLY

-----CV_EXTHS-----
	failed for reason: ERROR_ASSEMBLY

-----CV_EXTHZ-----
	failed for reason: ERROR_ASSEMBLY

-----CV_EXTRACTR-----
	failed for reason: ERROR_ASSEMBLY

-----CV_EXTRACTUR-----
	failed for reason: ERROR_ASSEMBLY

-----CV_FF1-----
	failed for reason: ERROR_ASSEMBLY

-----CV_FL1-----
	failed for reason: ERROR_ASSEMBLY

-----CV_INSERTR-----
	failed for reason: ERROR_ASSEMBLY

-----CV_MAC-----
	failed for reason: ERROR_ASSEMBLY

-----CV_MAX-----
	failed for reason: ERROR_ASSEMBLY

-----CV_MAXU-----
	failed for reason: ERROR_ASSEMBLY

-----CV_MAXU_B-----
	failed for reason: ERROR_ASSEMBLY

-----CV_MAXU_H-----
	failed for reason: ERROR_ASSEMBLY

-----CV_MAXU_SC_B-----
	failed for reason: ERROR_ASSEMBLY

-----CV_MAXU_SC_H-----
	failed for reason: ERROR_ASSEMBLY

-----CV_MAX_B-----
	failed for reason: ERROR_ASSEMBLY

-----CV_MAX_H-----
	failed for reason: ERROR_ASSEMBLY

-----CV_MAX_SC_B-----
	failed for reason: ERROR_ASSEMBLY

-----CV_MAX_SC_H-----
	failed for reason: ERROR_ASSEMBLY

-----CV_MIN-----
	failed for reason: ERROR_ASSEMBLY

-----CV_MINU-----
	failed for reason: ERROR_ASSEMBLY

-----CV_MINU_B-----
	failed for reason: ERROR_ASSEMBLY

-----CV_MINU_H-----
	failed for reason: ERROR_ASSEMBLY

-----CV_MINU_SC_B-----
	failed for reason: ERROR_ASSEMBLY

-----CV_MINU_SC_H-----
	failed for reason: ERROR_ASSEMBLY

-----CV_MIN_B-----
	failed for reason: ERROR_ASSEMBLY

-----CV_MIN_H-----
	failed for reason: ERROR_ASSEMBLY

-----CV_MIN_SC_B-----
	failed for reason: ERROR_ASSEMBLY

-----CV_MIN_SC_H-----
	failed for reason: ERROR_ASSEMBLY

-----CV_MSU-----
	failed for reason: ERROR_ASSEMBLY

-----CV_OR_B-----
	failed for reason: ERROR_ASSEMBLY

-----CV_OR_H-----
	failed for reason: ERROR_ASSEMBLY

-----CV_OR_SC_B-----
	failed for reason: ERROR_ASSEMBLY

-----CV_OR_SC_H-----
	failed for reason: ERROR_ASSEMBLY

-----CV_PACK-----
	failed for reason: ERROR_ASSEMBLY

-----CV_PACKHI_B-----
	failed for reason: ERROR_ASSEMBLY

-----CV_PACKLO_B-----
	failed for reason: ERROR_ASSEMBLY

-----CV_PACK_H-----
	failed for reason: ERROR_ASSEMBLY

-----CV_ROR-----
	failed for reason: ERROR_ASSEMBLY

-----CV_SDOTSP_B-----
	failed for reason: ERROR_ASSEMBLY

-----CV_SDOTSP_H-----
	failed for reason: ERROR_ASSEMBLY

-----CV_SDOTSP_SC_B-----
	failed for reason: ERROR_ASSEMBLY

-----CV_SDOTSP_SC_H-----
	failed for reason: ERROR_ASSEMBLY

-----CV_SDOTUP_B-----
	failed for reason: ERROR_ASSEMBLY

-----CV_SDOTUP_H-----
	failed for reason: ERROR_ASSEMBLY

-----CV_SDOTUP_SC_B-----
	failed for reason: ERROR_ASSEMBLY

-----CV_SDOTUP_SC_H-----
	failed for reason: ERROR_ASSEMBLY

-----CV_SDOTUSP_B-----
	failed for reason: ERROR_ASSEMBLY

-----CV_SDOTUSP_H-----
	failed for reason: ERROR_ASSEMBLY

-----CV_SDOTUSP_SC_B-----
	failed for reason: ERROR_ASSEMBLY

-----CV_SDOTUSP_SC_H-----
	failed for reason: ERROR_ASSEMBLY

-----CV_SHUFFLE2_B-----
	failed for reason: ERROR_ASSEMBLY

-----CV_SHUFFLE2_H-----
	failed for reason: ERROR_ASSEMBLY

-----CV_SHUFFLE_B-----
	failed for reason: ERROR_ASSEMBLY

-----CV_SHUFFLE_H-----
	failed for reason: ERROR_ASSEMBLY

-----CV_SLE-----
	failed for reason: ERROR_ASSEMBLY

-----CV_SLEU-----
	failed for reason: ERROR_ASSEMBLY

-----CV_SLL_B-----
	failed for reason: ERROR_ASSEMBLY

-----CV_SLL_H-----
	failed for reason: ERROR_ASSEMBLY

-----CV_SLL_SC_B-----
	failed for reason: ERROR_ASSEMBLY

-----CV_SLL_SC_H-----
	failed for reason: ERROR_ASSEMBLY

-----CV_SRA_B-----
	failed for reason: ERROR_ASSEMBLY

-----CV_SRA_H-----
	failed for reason: ERROR_ASSEMBLY

-----CV_SRA_SC_B-----
	failed for reason: ERROR_ASSEMBLY

-----CV_SRA_SC_H-----
	failed for reason: ERROR_ASSEMBLY

-----CV_SRL_B-----
	failed for reason: ERROR_ASSEMBLY

-----CV_SRL_H-----
	failed for reason: ERROR_ASSEMBLY

-----CV_SRL_SC_B-----
	failed for reason: ERROR_ASSEMBLY

-----CV_SRL_SC_H-----
	failed for reason: ERROR_ASSEMBLY

-----CV_SUBNR-----
	failed for reason: ERROR_ASSEMBLY

-----CV_SUBRNR-----
	failed for reason: ERROR_ASSEMBLY

-----CV_SUBROTMJ-----
	failed for reason: ERROR_ASSEMBLY

-----CV_SUBROTMJ_DIV2-----
	failed for reason: ERROR_ASSEMBLY

-----CV_SUBROTMJ_DIV4-----
	failed for reason: ERROR_ASSEMBLY

-----CV_SUBROTMJ_DIV8-----
	failed for reason: ERROR_ASSEMBLY

-----CV_SUBUNR-----
	failed for reason: ERROR_ASSEMBLY

-----CV_SUBURNR-----
	failed for reason: ERROR_ASSEMBLY

-----CV_SUB_B-----
	failed for reason: ERROR_ASSEMBLY

-----CV_SUB_DIV2-----
	failed for reason: ERROR_ASSEMBLY

-----CV_SUB_DIV4-----
	failed for reason: ERROR_ASSEMBLY

-----CV_SUB_DIV8-----
	failed for reason: ERROR_ASSEMBLY

-----CV_SUB_H-----
	failed for reason: ERROR_ASSEMBLY

-----CV_SUB_SC_B-----
	failed for reason: ERROR_ASSEMBLY

-----CV_SUB_SC_H-----
	failed for reason: ERROR_ASSEMBLY

-----CV_XOR_B-----
	failed for reason: ERROR_ASSEMBLY

-----CV_XOR_H-----
	failed for reason: ERROR_ASSEMBLY

-----CV_XOR_SC_B-----
	failed for reason: ERROR_ASSEMBLY

-----CV_XOR_SC_H-----
	failed for reason: ERROR_ASSEMBLY

-----CZERO_EQZ-----
	failed for reason: ERROR_ASSEMBLY

-----CZERO_NEZ-----
	failed for reason: ERROR_ASSEMBLY

-----C_ADD-----
	lowerTP: 0.501 upperTP: 0.501

-----C_ADDW-----
	lowerTP: 0.503 upperTP: 0.503

-----C_ADD_HINT-----
	lowerTP: 0.499 upperTP: 0.499

-----C_AND-----
	lowerTP: 0.502 upperTP: 0.502

-----C_EBREAK-----
	failed for reason: ERROR_SIGNAL

-----C_JR-----
	failed for reason: ERROR_SIGSEGV

-----C_MOP1-----
	failed for reason: ERROR_ASSEMBLY

-----C_MOP11-----
	failed for reason: ERROR_ASSEMBLY

-----C_MOP13-----
	failed for reason: ERROR_ASSEMBLY

-----C_MOP15-----
	failed for reason: ERROR_ASSEMBLY

-----C_MOP3-----
	failed for reason: ERROR_ASSEMBLY

-----C_MOP5-----
	failed for reason: ERROR_ASSEMBLY

-----C_MOP7-----
	failed for reason: ERROR_ASSEMBLY

-----C_MOP9-----
	failed for reason: ERROR_ASSEMBLY

-----C_MUL-----
	failed for reason: ERROR_ASSEMBLY

-----C_MV-----
	lowerTP: 0.501 upperTP: 0.501

-----C_MV_HINT-----
	lowerTP: 0.501 upperTP: 0.501

-----C_NOP-----
	lowerTP: 1 upperTP: 1

-----C_NOT-----
	failed for reason: ERROR_ASSEMBLY

-----C_OR-----
	lowerTP: 0.503 upperTP: 0.503

-----C_SEXT_B-----
	failed for reason: ERROR_ASSEMBLY

-----C_SEXT_H-----
	failed for reason: ERROR_ASSEMBLY

-----C_SLLI64_HINT-----
	lowerTP: 0.501 upperTP: 0.501

-----C_SRAI64_HINT-----
	lowerTP: 0.5 upperTP: 0.5

-----C_SRLI64_HINT-----
	lowerTP: 0.502 upperTP: 0.502

-----C_SUB-----
	lowerTP: 0.503 upperTP: 0.503

-----C_SUBW-----
	lowerTP: 0.502 upperTP: 0.502

-----C_UNIMP-----
	failed for reason: ERROR_ILLEGAL_INSTRUCTION

-----C_XOR-----
	lowerTP: 0.502 upperTP: 0.502

-----C_ZEXT_B-----
	failed for reason: ERROR_ASSEMBLY

-----C_ZEXT_H-----
	failed for reason: ERROR_ASSEMBLY

-----C_ZEXT_W-----
	failed for reason: ERROR_ASSEMBLY

-----DIV-----
	lowerTP: 3 upperTP: 3

-----DIVU-----
	lowerTP: 3 upperTP: 3

-----DIVUW-----
	lowerTP: 3 upperTP: 3

-----DIVW-----
	lowerTP: 3 upperTP: 3

-----EBREAK-----
	failed for reason: ERROR_SIGNAL

-----ECALL-----
	lowerTP: 237 upperTP: 237

-----FCLASS_D-----
	lowerTP: 2 upperTP: 2

-----FCLASS_D_IN32X-----
	failed for reason: ERROR_ASSEMBLY

-----FCLASS_D_INX-----
	failed for reason: ERROR_ASSEMBLY

-----FCLASS_H-----
	failed for reason: ERROR_ASSEMBLY

-----FCLASS_H_INX-----
	failed for reason: ERROR_ASSEMBLY

-----FCLASS_S-----
	lowerTP: 2 upperTP: 2

-----FCLASS_S_INX-----
	failed for reason: ERROR_ASSEMBLY

-----FENCE_I-----
	lowerTP: 176 upperTP: 176

-----FENCE_TSO-----
	lowerTP: 3 upperTP: 3

-----FEQ_D-----
	lowerTP: 2 upperTP: 2

-----FEQ_D_IN32X-----
	failed for reason: ERROR_ASSEMBLY

-----FEQ_D_INX-----
	failed for reason: ERROR_ASSEMBLY

-----FEQ_H-----
	failed for reason: ERROR_ASSEMBLY

-----FEQ_H_INX-----
	failed for reason: ERROR_ASSEMBLY

-----FEQ_S-----
	lowerTP: 2 upperTP: 2

-----FEQ_S_INX-----
	failed for reason: ERROR_ASSEMBLY

-----FLEQ_D-----
	failed for reason: ERROR_ASSEMBLY

-----FLEQ_H-----
	failed for reason: ERROR_ASSEMBLY

-----FLEQ_S-----
	failed for reason: ERROR_ASSEMBLY

-----FLE_D-----
	lowerTP: 2 upperTP: 2

-----FLE_D_IN32X-----
	failed for reason: ERROR_ASSEMBLY

-----FLE_D_INX-----
	failed for reason: ERROR_ASSEMBLY

-----FLE_H-----
	failed for reason: ERROR_ASSEMBLY

-----FLE_H_INX-----
	failed for reason: ERROR_ASSEMBLY

-----FLE_S-----
	lowerTP: 2 upperTP: 2

-----FLE_S_INX-----
	failed for reason: ERROR_ASSEMBLY

-----FLTQ_D-----
	failed for reason: ERROR_ASSEMBLY

-----FLTQ_H-----
	failed for reason: ERROR_ASSEMBLY

-----FLTQ_S-----
	failed for reason: ERROR_ASSEMBLY

-----FLT_D-----
	lowerTP: 2 upperTP: 2

-----FLT_D_IN32X-----
	failed for reason: ERROR_ASSEMBLY

-----FLT_D_INX-----
	failed for reason: ERROR_ASSEMBLY

-----FLT_H-----
	failed for reason: ERROR_ASSEMBLY

-----FLT_H_INX-----
	failed for reason: ERROR_ASSEMBLY

-----FLT_S-----
	lowerTP: 2 upperTP: 2

-----FLT_S_INX-----
	failed for reason: ERROR_ASSEMBLY

-----FMAXM_D-----
	failed for reason: ERROR_ASSEMBLY

-----FMAXM_H-----
	failed for reason: ERROR_ASSEMBLY

-----FMAXM_S-----
	failed for reason: ERROR_ASSEMBLY

-----FMAX_D-----
	lowerTP: 0.503 upperTP: 0.503

-----FMAX_D_IN32X-----
	failed for reason: ERROR_ASSEMBLY

-----FMAX_D_INX-----
	failed for reason: ERROR_ASSEMBLY

-----FMAX_H-----
	failed for reason: ERROR_ASSEMBLY

-----FMAX_H_INX-----
	failed for reason: ERROR_ASSEMBLY

-----FMAX_S-----
	lowerTP: 0.501 upperTP: 0.501

-----FMAX_S_INX-----
	failed for reason: ERROR_ASSEMBLY

-----FMINM_D-----
	failed for reason: ERROR_ASSEMBLY

-----FMINM_H-----
	failed for reason: ERROR_ASSEMBLY

-----FMINM_S-----
	failed for reason: ERROR_ASSEMBLY

-----FMIN_D-----
	lowerTP: 0.501 upperTP: 0.501

-----FMIN_D_IN32X-----
	failed for reason: ERROR_ASSEMBLY

-----FMIN_D_INX-----
	failed for reason: ERROR_ASSEMBLY

-----FMIN_H-----
	failed for reason: ERROR_ASSEMBLY

-----FMIN_H_INX-----
	failed for reason: ERROR_ASSEMBLY

-----FMIN_S-----
	lowerTP: 0.501 upperTP: 0.501

-----FMIN_S_INX-----
	failed for reason: ERROR_ASSEMBLY

-----FMVH_X_D-----
	failed for reason: ERROR_ASSEMBLY

-----FMVP_D_X-----
	failed for reason: ERROR_ASSEMBLY

-----FMV_D_X-----
	lowerTP: 1 upperTP: 1

-----FMV_H_X-----
	failed for reason: ERROR_ASSEMBLY

-----FMV_W_X-----
	lowerTP: 1 upperTP: 1

-----FMV_X_D-----
	lowerTP: 2 upperTP: 2

-----FMV_X_H-----
	failed for reason: ERROR_ASSEMBLY

-----FMV_X_W-----
	lowerTP: 2 upperTP: 2

-----FMV_X_W_FPR64-----
	lowerTP: 2 upperTP: 2

-----FSGNJN_D-----
	lowerTP: 1 upperTP: 1

-----FSGNJN_D_IN32X-----
	failed for reason: ERROR_ASSEMBLY

-----FSGNJN_D_INX-----
	failed for reason: ERROR_ASSEMBLY

-----FSGNJN_H-----
	failed for reason: ERROR_ASSEMBLY

-----FSGNJN_H_INX-----
	failed for reason: ERROR_ASSEMBLY

-----FSGNJN_S-----
	lowerTP: 1 upperTP: 1

-----FSGNJN_S_INX-----
	failed for reason: ERROR_ASSEMBLY

-----FSGNJX_D-----
	lowerTP: 1 upperTP: 1

-----FSGNJX_D_IN32X-----
	failed for reason: ERROR_ASSEMBLY

-----FSGNJX_D_INX-----
	failed for reason: ERROR_ASSEMBLY

-----FSGNJX_H-----
	failed for reason: ERROR_ASSEMBLY

-----FSGNJX_H_INX-----
	failed for reason: ERROR_ASSEMBLY

-----FSGNJX_S-----
	lowerTP: 1 upperTP: 1

-----FSGNJX_S_INX-----
	failed for reason: ERROR_ASSEMBLY

-----FSGNJ_D-----
	lowerTP: 1 upperTP: 1

-----FSGNJ_D_IN32X-----
	failed for reason: ERROR_ASSEMBLY

-----FSGNJ_D_INX-----
	failed for reason: ERROR_ASSEMBLY

-----FSGNJ_H-----
	failed for reason: ERROR_ASSEMBLY

-----FSGNJ_H_INX-----
	failed for reason: ERROR_ASSEMBLY

-----FSGNJ_S-----
	lowerTP: 1 upperTP: 1

-----FSGNJ_S_INX-----
	failed for reason: ERROR_ASSEMBLY

-----HFENCE_GVMA-----
	failed for reason: ERROR_ASSEMBLY

-----HFENCE_VVMA-----
	failed for reason: ERROR_ASSEMBLY

-----HINVAL_GVMA-----
	failed for reason: ERROR_ASSEMBLY

-----HINVAL_VVMA-----
	failed for reason: ERROR_ASSEMBLY

-----MAX-----
	failed for reason: ERROR_ASSEMBLY

-----MAXU-----
	failed for reason: ERROR_ASSEMBLY

-----MIN-----
	failed for reason: ERROR_ASSEMBLY

-----MINU-----
	failed for reason: ERROR_ASSEMBLY

-----MNRET-----
	failed for reason: ERROR_ASSEMBLY

-----MOPR0-----
	failed for reason: ERROR_ASSEMBLY

-----MOPR1-----
	failed for reason: ERROR_ASSEMBLY

-----MOPR10-----
	failed for reason: ERROR_ASSEMBLY

-----MOPR11-----
	failed for reason: ERROR_ASSEMBLY

-----MOPR12-----
	failed for reason: ERROR_ASSEMBLY

-----MOPR13-----
	failed for reason: ERROR_ASSEMBLY

-----MOPR14-----
	failed for reason: ERROR_ASSEMBLY

-----MOPR15-----
	failed for reason: ERROR_ASSEMBLY

-----MOPR16-----
	failed for reason: ERROR_ASSEMBLY

-----MOPR17-----
	failed for reason: ERROR_ASSEMBLY

-----MOPR18-----
	failed for reason: ERROR_ASSEMBLY

-----MOPR19-----
	failed for reason: ERROR_ASSEMBLY

-----MOPR2-----
	failed for reason: ERROR_ASSEMBLY

-----MOPR20-----
	failed for reason: ERROR_ASSEMBLY

-----MOPR21-----
	failed for reason: ERROR_ASSEMBLY

-----MOPR22-----
	failed for reason: ERROR_ASSEMBLY

-----MOPR23-----
	failed for reason: ERROR_ASSEMBLY

-----MOPR24-----
	failed for reason: ERROR_ASSEMBLY

-----MOPR25-----
	failed for reason: ERROR_ASSEMBLY

-----MOPR26-----
	failed for reason: ERROR_ASSEMBLY

-----MOPR27-----
	failed for reason: ERROR_ASSEMBLY

-----MOPR28-----
	failed for reason: ERROR_ASSEMBLY

-----MOPR29-----
	failed for reason: ERROR_ASSEMBLY

-----MOPR3-----
	failed for reason: ERROR_ASSEMBLY

-----MOPR30-----
	failed for reason: ERROR_ASSEMBLY

-----MOPR31-----
	failed for reason: ERROR_ASSEMBLY

-----MOPR4-----
	failed for reason: ERROR_ASSEMBLY

-----MOPR5-----
	failed for reason: ERROR_ASSEMBLY

-----MOPR6-----
	failed for reason: ERROR_ASSEMBLY

-----MOPR7-----
	failed for reason: ERROR_ASSEMBLY

-----MOPR8-----
	failed for reason: ERROR_ASSEMBLY

-----MOPR9-----
	failed for reason: ERROR_ASSEMBLY

-----MOPRR0-----
	failed for reason: ERROR_ASSEMBLY

-----MOPRR1-----
	failed for reason: ERROR_ASSEMBLY

-----MOPRR2-----
	failed for reason: ERROR_ASSEMBLY

-----MOPRR3-----
	failed for reason: ERROR_ASSEMBLY

-----MOPRR4-----
	failed for reason: ERROR_ASSEMBLY

-----MOPRR5-----
	failed for reason: ERROR_ASSEMBLY

-----MOPRR6-----
	failed for reason: ERROR_ASSEMBLY

-----MOPRR7-----
	failed for reason: ERROR_ASSEMBLY

-----MUL-----
	lowerTP: 3 upperTP: 3

-----MULH-----
	lowerTP: 4 upperTP: 4

-----MULHSU-----
	lowerTP: 4.01 upperTP: 4.01

-----MULHU-----
	lowerTP: 4 upperTP: 4

-----MULW-----
	lowerTP: 1 upperTP: 1

-----OR-----
	lowerTP: 0.502 upperTP: 0.502

-----ORC_B-----
	failed for reason: ERROR_ASSEMBLY

-----ORN-----
	failed for reason: ERROR_ASSEMBLY

-----PACK-----
	failed for reason: ERROR_ASSEMBLY

-----PACKH-----
	failed for reason: ERROR_ASSEMBLY

-----PACKW-----
	failed for reason: ERROR_ASSEMBLY

-----QC_ADDSAT-----
	failed for reason: ERROR_ASSEMBLY

-----QC_ADDUSAT-----
	failed for reason: ERROR_ASSEMBLY

-----QC_CSRRWR-----
	failed for reason: ERROR_ASSEMBLY

-----QC_C_CLRINT-----
	failed for reason: ERROR_ASSEMBLY

-----QC_C_DI-----
	failed for reason: ERROR_ASSEMBLY

-----QC_C_DIR-----
	failed for reason: ERROR_ASSEMBLY

-----QC_C_EI-----
	failed for reason: ERROR_ASSEMBLY

-----QC_C_EIR-----
	failed for reason: ERROR_ASSEMBLY

-----QC_C_MVEQZ-----
	failed for reason: ERROR_ASSEMBLY

-----QC_C_SETINT-----
	failed for reason: ERROR_ASSEMBLY

-----QC_MVEQ-----
	failed for reason: ERROR_ASSEMBLY

-----QC_MVGE-----
	failed for reason: ERROR_ASSEMBLY

-----QC_MVGEU-----
	failed for reason: ERROR_ASSEMBLY

-----QC_MVLT-----
	failed for reason: ERROR_ASSEMBLY

-----QC_MVLTU-----
	failed for reason: ERROR_ASSEMBLY

-----QC_MVNE-----
	failed for reason: ERROR_ASSEMBLY

-----QC_NORM-----
	failed for reason: ERROR_ASSEMBLY

-----QC_NORMEU-----
	failed for reason: ERROR_ASSEMBLY

-----QC_NORMU-----
	failed for reason: ERROR_ASSEMBLY

-----QC_SLASAT-----
	failed for reason: ERROR_ASSEMBLY

-----QC_SLLSAT-----
	failed for reason: ERROR_ASSEMBLY

-----QC_SUBSAT-----
	failed for reason: ERROR_ASSEMBLY

-----QC_SUBUSAT-----
	failed for reason: ERROR_ASSEMBLY

-----QC_WRAP-----
	failed for reason: ERROR_ASSEMBLY

-----REM-----
	lowerTP: 3 upperTP: 3

-----REMU-----
	lowerTP: 3 upperTP: 3

-----REMUW-----
	lowerTP: 3 upperTP: 3

-----REMW-----
	lowerTP: 3 upperTP: 3

-----REV8_RV32-----
	failed for reason: ERROR_ASSEMBLY

-----REV8_RV64-----
	failed for reason: ERROR_ASSEMBLY

-----ROL-----
	failed for reason: ERROR_ASSEMBLY

-----ROLW-----
	failed for reason: ERROR_ASSEMBLY

-----ROR-----
	failed for reason: ERROR_ASSEMBLY

-----RORW-----
	failed for reason: ERROR_ASSEMBLY

-----SCTRCLR-----
	failed for reason: ERROR_ASSEMBLY

-----SEXT_B-----
	lowerTP: 1 upperTP: 1

-----SEXT_H-----
	lowerTP: 1 upperTP: 1

-----SFENCE_INVAL_IR-----
	failed for reason: ERROR_ASSEMBLY

-----SFENCE_VMA-----
	failed for reason: ERROR_ILLEGAL_INSTRUCTION

-----SFENCE_W_INVAL-----
	failed for reason: ERROR_ASSEMBLY

-----SF_CDISCARD_D_L1-----
	failed for reason: ERROR_ASSEMBLY

-----SF_CEASE-----
	failed for reason: ERROR_ASSEMBLY

-----SF_CFLUSH_D_L1-----
	failed for reason: ERROR_ASSEMBLY

-----SH1ADD-----
	failed for reason: ERROR_ASSEMBLY

-----SH1ADD_UW-----
	failed for reason: ERROR_ASSEMBLY

-----SH2ADD-----
	failed for reason: ERROR_ASSEMBLY

-----SH2ADD_UW-----
	failed for reason: ERROR_ASSEMBLY

-----SH3ADD-----
	failed for reason: ERROR_ASSEMBLY

-----SH3ADD_UW-----
	failed for reason: ERROR_ASSEMBLY

-----SHA256SIG0-----
	failed for reason: ERROR_ASSEMBLY

-----SHA256SIG1-----
	failed for reason: ERROR_ASSEMBLY

-----SHA256SUM0-----
	failed for reason: ERROR_ASSEMBLY

-----SHA256SUM1-----
	failed for reason: ERROR_ASSEMBLY

-----SHA512SIG0-----
	failed for reason: ERROR_ASSEMBLY

-----SHA512SIG0H-----
	failed for reason: ERROR_ASSEMBLY

-----SHA512SIG0L-----
	failed for reason: ERROR_ASSEMBLY

-----SHA512SIG1-----
	failed for reason: ERROR_ASSEMBLY

-----SHA512SIG1H-----
	failed for reason: ERROR_ASSEMBLY

-----SHA512SIG1L-----
	failed for reason: ERROR_ASSEMBLY

-----SHA512SUM0-----
	failed for reason: ERROR_ASSEMBLY

-----SHA512SUM0R-----
	failed for reason: ERROR_ASSEMBLY

-----SHA512SUM1-----
	failed for reason: ERROR_ASSEMBLY

-----SHA512SUM1R-----
	failed for reason: ERROR_ASSEMBLY

-----SINVAL_VMA-----
	failed for reason: ERROR_ASSEMBLY

-----SLL-----
	lowerTP: 0.501 upperTP: 0.501

-----SLLW-----
	lowerTP: 0.501 upperTP: 0.501

-----SLT-----
	lowerTP: 0.501 upperTP: 0.501

-----SLTU-----
	lowerTP: 0.506 upperTP: 0.506

-----SM3P0-----
	failed for reason: ERROR_ASSEMBLY

-----SM3P1-----
	failed for reason: ERROR_ASSEMBLY

-----SRA-----
	lowerTP: 0.501 upperTP: 0.501

-----SRAW-----
	lowerTP: 0.501 upperTP: 0.501

-----SRL-----
	lowerTP: 0.501 upperTP: 0.501

-----SRLW-----
	lowerTP: 0.501 upperTP: 0.501

-----SSRDP-----
	failed for reason: ERROR_ASSEMBLY

-----SUB-----
	lowerTP: 0.501 upperTP: 0.501

-----SUBW-----
	lowerTP: 0.501 upperTP: 0.501

-----THVdotVMAQASU_VV-----
	failed for reason: ERROR_ASSEMBLY

-----THVdotVMAQASU_VX-----
	failed for reason: ERROR_ASSEMBLY

-----THVdotVMAQAUS_VX-----
	failed for reason: ERROR_ASSEMBLY

-----THVdotVMAQAU_VV-----
	failed for reason: ERROR_ASSEMBLY

-----THVdotVMAQAU_VX-----
	failed for reason: ERROR_ASSEMBLY

-----THVdotVMAQA_VV-----
	failed for reason: ERROR_ASSEMBLY

-----THVdotVMAQA_VX-----
	failed for reason: ERROR_ASSEMBLY

-----TH_DCACHE_CALL-----
	failed for reason: ERROR_ASSEMBLY

-----TH_DCACHE_CIALL-----
	failed for reason: ERROR_ASSEMBLY

-----TH_DCACHE_CIPA-----
	failed for reason: ERROR_ASSEMBLY

-----TH_DCACHE_CISW-----
	failed for reason: ERROR_ASSEMBLY

-----TH_DCACHE_CIVA-----
	failed for reason: ERROR_ASSEMBLY

-----TH_DCACHE_CPA-----
	failed for reason: ERROR_ASSEMBLY

-----TH_DCACHE_CPAL1-----
	failed for reason: ERROR_ASSEMBLY

-----TH_DCACHE_CSW-----
	failed for reason: ERROR_ASSEMBLY

-----TH_DCACHE_CVA-----
	failed for reason: ERROR_ASSEMBLY

-----TH_DCACHE_CVAL1-----
	failed for reason: ERROR_ASSEMBLY

-----TH_DCACHE_IALL-----
	failed for reason: ERROR_ASSEMBLY

-----TH_DCACHE_IPA-----
	failed for reason: ERROR_ASSEMBLY

-----TH_DCACHE_ISW-----
	failed for reason: ERROR_ASSEMBLY

-----TH_DCACHE_IVA-----
	failed for reason: ERROR_ASSEMBLY

-----TH_FF0-----
	failed for reason: ERROR_ASSEMBLY

-----TH_FF1-----
	failed for reason: ERROR_ASSEMBLY

-----TH_ICACHE_IALL-----
	failed for reason: ERROR_ASSEMBLY

-----TH_ICACHE_IALLS-----
	failed for reason: ERROR_ASSEMBLY

-----TH_ICACHE_IPA-----
	failed for reason: ERROR_ASSEMBLY

-----TH_ICACHE_IVA-----
	failed for reason: ERROR_ASSEMBLY

-----TH_L2CACHE_CALL-----
	failed for reason: ERROR_ASSEMBLY

-----TH_L2CACHE_CIALL-----
	failed for reason: ERROR_ASSEMBLY

-----TH_L2CACHE_IALL-----
	failed for reason: ERROR_ASSEMBLY

-----TH_MULA-----
	failed for reason: ERROR_ASSEMBLY

-----TH_MULAH-----
	failed for reason: ERROR_ASSEMBLY

-----TH_MULAW-----
	failed for reason: ERROR_ASSEMBLY

-----TH_MULS-----
	failed for reason: ERROR_ASSEMBLY

-----TH_MULSH-----
	failed for reason: ERROR_ASSEMBLY

-----TH_MULSW-----
	failed for reason: ERROR_ASSEMBLY

-----TH_MVEQZ-----
	failed for reason: ERROR_ASSEMBLY

-----TH_MVNEZ-----
	failed for reason: ERROR_ASSEMBLY

-----TH_REV-----
	failed for reason: ERROR_ASSEMBLY

-----TH_REVW-----
	failed for reason: ERROR_ASSEMBLY

-----TH_SFENCE_VMAS-----
	failed for reason: ERROR_ASSEMBLY

-----TH_SYNC-----
	failed for reason: ERROR_ASSEMBLY

-----TH_SYNC_I-----
	failed for reason: ERROR_ASSEMBLY

-----TH_SYNC_IS-----
	failed for reason: ERROR_ASSEMBLY

-----TH_SYNC_S-----
	failed for reason: ERROR_ASSEMBLY

-----TH_TSTNBZ-----
	failed for reason: ERROR_ASSEMBLY

-----UNIMP-----
	failed for reason: ERROR_ILLEGAL_INSTRUCTION

-----UNZIP_RV32-----
	failed for reason: ERROR_ASSEMBLY

-----VAADDU_VV-----
	lowerTP: 2 upperTP: 2

-----VAADDU_VX-----
	lowerTP: 2 upperTP: 2

-----VAADD_VV-----
	lowerTP: 2 upperTP: 2

-----VAADD_VX-----
	lowerTP: 2 upperTP: 2

-----VADC_VVM-----
	lowerTP: 2 upperTP: 2

-----VADC_VXM-----
	lowerTP: 2 upperTP: 2

-----VADD_VV-----
	lowerTP: 2 upperTP: 2

-----VADD_VX-----
	lowerTP: 2 upperTP: 2

-----VAESDF_VS-----
	failed for reason: ERROR_ASSEMBLY

-----VAESDF_VV-----
	failed for reason: ERROR_ASSEMBLY

-----VAESDM_VS-----
	failed for reason: ERROR_ASSEMBLY

-----VAESDM_VV-----
	failed for reason: ERROR_ASSEMBLY

-----VAESEF_VS-----
	failed for reason: ERROR_ASSEMBLY

-----VAESEF_VV-----
	failed for reason: ERROR_ASSEMBLY

-----VAESEM_VS-----
	failed for reason: ERROR_ASSEMBLY

-----VAESEM_VV-----
	failed for reason: ERROR_ASSEMBLY

-----VAESZ_VS-----
	failed for reason: ERROR_ASSEMBLY

-----VANDN_VV-----
	failed for reason: ERROR_ASSEMBLY

-----VANDN_VX-----
	failed for reason: ERROR_ASSEMBLY

-----VAND_VV-----
	lowerTP: 2 upperTP: 2

-----VAND_VX-----
	lowerTP: 2 upperTP: 2

-----VASUBU_VV-----
	lowerTP: 2 upperTP: 2

-----VASUBU_VX-----
	lowerTP: 2 upperTP: 2

-----VASUB_VV-----
	lowerTP: 2 upperTP: 2

-----VASUB_VX-----
	lowerTP: 2 upperTP: 2

-----VBREV8_V-----
	failed for reason: ERROR_ASSEMBLY

-----VBREV_V-----
	failed for reason: ERROR_ASSEMBLY

-----VCLMULH_VV-----
	failed for reason: ERROR_ASSEMBLY

-----VCLMULH_VX-----
	failed for reason: ERROR_ASSEMBLY

-----VCLMUL_VV-----
	failed for reason: ERROR_ASSEMBLY

-----VCLMUL_VX-----
	failed for reason: ERROR_ASSEMBLY

-----VCLZ_V-----
	failed for reason: ERROR_ASSEMBLY

-----VCOMPRESS_VM-----
	lowerTP: 3 upperTP: 3

-----VCPOP_M-----
	lowerTP: 2 upperTP: 2

-----VCPOP_V-----
	failed for reason: ERROR_ASSEMBLY

-----VCTZ_V-----
	failed for reason: ERROR_ASSEMBLY

-----VDIVU_VV-----
	lowerTP: 20 upperTP: 20

-----VDIVU_VX-----
	lowerTP: 20 upperTP: 20

-----VDIV_VV-----
	lowerTP: 22 upperTP: 22

-----VDIV_VX-----
	lowerTP: 22 upperTP: 22

-----VFADD_VF-----
	lowerTP: 2 upperTP: 2

-----VFADD_VV-----
	lowerTP: 2 upperTP: 2

-----VFCLASS_V-----
	lowerTP: 2 upperTP: 2

-----VFCVT_F_XU_V-----
	lowerTP: 2 upperTP: 2

-----VFCVT_F_X_V-----
	lowerTP: 2 upperTP: 2

-----VFCVT_RTZ_XU_F_V-----
	lowerTP: 2 upperTP: 2

-----VFCVT_RTZ_X_F_V-----
	lowerTP: 2 upperTP: 2

-----VFCVT_XU_F_V-----
	lowerTP: 2 upperTP: 2

-----VFCVT_X_F_V-----
	lowerTP: 2 upperTP: 2

-----VFDIV_VF-----
	lowerTP: 18 upperTP: 18

-----VFDIV_VV-----
	lowerTP: 18 upperTP: 18

-----VFIRST_M-----
	lowerTP: 2 upperTP: 2

-----VFMACC_VF-----
	lowerTP: 2 upperTP: 2

-----VFMACC_VV-----
	lowerTP: 2 upperTP: 2

-----VFMADD_VF-----
	lowerTP: 2 upperTP: 2

-----VFMADD_VV-----
	lowerTP: 2 upperTP: 2

-----VFMAX_VF-----
	lowerTP: 2 upperTP: 2

-----VFMAX_VV-----
	lowerTP: 2 upperTP: 2

-----VFMERGE_VFM-----
	lowerTP: 2 upperTP: 2

-----VFMIN_VF-----
	lowerTP: 2 upperTP: 2

-----VFMIN_VV-----
	lowerTP: 2 upperTP: 2

-----VFMSAC_VF-----
	lowerTP: 2 upperTP: 2

-----VFMSAC_VV-----
	lowerTP: 2 upperTP: 2

-----VFMSUB_VF-----
	lowerTP: 2 upperTP: 2

-----VFMSUB_VV-----
	lowerTP: 2 upperTP: 2

-----VFMUL_VF-----
	lowerTP: 2 upperTP: 2

-----VFMUL_VV-----
	lowerTP: 2 upperTP: 2

-----VFMV_F_S-----
	lowerTP: 1 upperTP: 1

-----VFMV_S_F-----
	lowerTP: 1 upperTP: 1

-----VFMV_V_F-----
	lowerTP: 2 upperTP: 2

-----VFNCVTBF16_F_F_W-----
	failed for reason: ERROR_ASSEMBLY

-----VFNCVT_F_F_W-----
	failed for reason: ERROR_ILLEGAL_INSTRUCTION

-----VFNCVT_F_XU_W-----
	failed for reason: ERROR_ILLEGAL_INSTRUCTION

-----VFNCVT_F_X_W-----
	failed for reason: ERROR_ILLEGAL_INSTRUCTION

-----VFNCVT_ROD_F_F_W-----
	failed for reason: ERROR_ILLEGAL_INSTRUCTION

-----VFNCVT_RTZ_XU_F_W-----
	failed for reason: ERROR_ILLEGAL_INSTRUCTION

-----VFNCVT_RTZ_X_F_W-----
	failed for reason: ERROR_ILLEGAL_INSTRUCTION

-----VFNCVT_XU_F_W-----
	failed for reason: ERROR_ILLEGAL_INSTRUCTION

-----VFNCVT_X_F_W-----
	failed for reason: ERROR_ILLEGAL_INSTRUCTION

-----VFNMACC_VF-----
	lowerTP: 2 upperTP: 2

-----VFNMACC_VV-----
	lowerTP: 2 upperTP: 2

-----VFNMADD_VF-----
	lowerTP: 2 upperTP: 2

-----VFNMADD_VV-----
	lowerTP: 2 upperTP: 2

-----VFNMSAC_VF-----
	lowerTP: 2 upperTP: 2

-----VFNMSAC_VV-----
	lowerTP: 2 upperTP: 2

-----VFNMSUB_VF-----
	lowerTP: 2 upperTP: 2

-----VFNMSUB_VV-----
	lowerTP: 2 upperTP: 2

-----VFNRCLIP_XU_F_QF-----
	failed for reason: ERROR_ASSEMBLY

-----VFNRCLIP_X_F_QF-----
	failed for reason: ERROR_ASSEMBLY

-----VFRDIV_VF-----
	lowerTP: 12 upperTP: 12

-----VFREC7_V-----
	lowerTP: 2 upperTP: 2

-----VFREDMAX_VS-----
	lowerTP: 8.01 upperTP: 8.01

-----VFREDMIN_VS-----
	lowerTP: 8.01 upperTP: 8.01

-----VFREDOSUM_VS-----
	lowerTP: 20 upperTP: 20

-----VFREDUSUM_VS-----
	lowerTP: 8.01 upperTP: 8.01

-----VFRSQRT7_V-----
	lowerTP: 2 upperTP: 2

-----VFRSUB_VF-----
	lowerTP: 2 upperTP: 2

-----VFSGNJN_VF-----
	lowerTP: 2 upperTP: 2

-----VFSGNJN_VV-----
	lowerTP: 2 upperTP: 2

-----VFSGNJX_VF-----
	lowerTP: 2 upperTP: 2

-----VFSGNJX_VV-----
	lowerTP: 2 upperTP: 2

-----VFSGNJ_VF-----
	lowerTP: 2 upperTP: 2

-----VFSGNJ_VV-----
	lowerTP: 2 upperTP: 2

-----VFSLIDE1DOWN_VF-----
	lowerTP: 3 upperTP: 3

-----VFSLIDE1UP_VF-----
	lowerTP: 2 upperTP: 2

-----VFSQRT_V-----
	lowerTP: 15 upperTP: 15

-----VFSUB_VF-----
	lowerTP: 2 upperTP: 2

-----VFSUB_VV-----
	lowerTP: 2 upperTP: 2

-----VFWADD_VF-----
	failed for reason: ERROR_ILLEGAL_INSTRUCTION

-----VFWADD_VV-----
	failed for reason: ERROR_ILLEGAL_INSTRUCTION

-----VFWADD_WF-----
	failed for reason: ERROR_ILLEGAL_INSTRUCTION

-----VFWADD_WV-----
	failed for reason: ERROR_ILLEGAL_INSTRUCTION

-----VFWCVTBF16_F_F_V-----
	failed for reason: ERROR_ASSEMBLY

-----VFWCVT_F_F_V-----
	failed for reason: ERROR_ILLEGAL_INSTRUCTION

-----VFWCVT_F_XU_V-----
	failed for reason: ERROR_ILLEGAL_INSTRUCTION

-----VFWCVT_F_X_V-----
	failed for reason: ERROR_ILLEGAL_INSTRUCTION

-----VFWCVT_RTZ_XU_F_V-----
	failed for reason: ERROR_ILLEGAL_INSTRUCTION

-----VFWCVT_RTZ_X_F_V-----
	failed for reason: ERROR_ILLEGAL_INSTRUCTION

-----VFWCVT_XU_F_V-----
	failed for reason: ERROR_ILLEGAL_INSTRUCTION

-----VFWCVT_X_F_V-----
	failed for reason: ERROR_ILLEGAL_INSTRUCTION

-----VFWMACCBF16_VF-----
	failed for reason: ERROR_ASSEMBLY

-----VFWMACCBF16_VV-----
	failed for reason: ERROR_ASSEMBLY

-----VFWMACC_4x4x4-----
	failed for reason: ERROR_ASSEMBLY

-----VFWMACC_VF-----
	failed for reason: ERROR_ILLEGAL_INSTRUCTION

-----VFWMACC_VV-----
	failed for reason: ERROR_ILLEGAL_INSTRUCTION

-----VFWMSAC_VF-----
	failed for reason: ERROR_ILLEGAL_INSTRUCTION

-----VFWMSAC_VV-----
	failed for reason: ERROR_ILLEGAL_INSTRUCTION

-----VFWMUL_VF-----
	failed for reason: ERROR_ILLEGAL_INSTRUCTION

-----VFWMUL_VV-----
	failed for reason: ERROR_ILLEGAL_INSTRUCTION

-----VFWNMACC_VF-----
	failed for reason: ERROR_ILLEGAL_INSTRUCTION

-----VFWNMACC_VV-----
	failed for reason: ERROR_ILLEGAL_INSTRUCTION

-----VFWNMSAC_VF-----
	failed for reason: ERROR_ILLEGAL_INSTRUCTION

-----VFWNMSAC_VV-----
	failed for reason: ERROR_ILLEGAL_INSTRUCTION

-----VFWREDOSUM_VS-----
	lowerTP: 27 upperTP: 27

-----VFWREDUSUM_VS-----
	lowerTP: 27 upperTP: 27

-----VFWSUB_VF-----
	failed for reason: ERROR_ILLEGAL_INSTRUCTION

-----VFWSUB_VV-----
	failed for reason: ERROR_ILLEGAL_INSTRUCTION

-----VFWSUB_WF-----
	failed for reason: ERROR_ILLEGAL_INSTRUCTION

-----VFWSUB_WV-----
	failed for reason: ERROR_ILLEGAL_INSTRUCTION

-----VGHSH_VS-----
	failed for reason: ERROR_ASSEMBLY

-----VGHSH_VV-----
	failed for reason: ERROR_ASSEMBLY

-----VGMUL_VS-----
	failed for reason: ERROR_ASSEMBLY

-----VGMUL_VV-----
	failed for reason: ERROR_ASSEMBLY

-----VID_V-----
	lowerTP: 2 upperTP: 2

-----VIOTA_M-----
	lowerTP: 2 upperTP: 2

-----VMACC_VV-----
	lowerTP: 2 upperTP: 2

-----VMACC_VX-----
	lowerTP: 2 upperTP: 2

-----VMADC_VV-----
	lowerTP: 2 upperTP: 2

-----VMADC_VVM-----
	lowerTP: 2 upperTP: 2

-----VMADC_VX-----
	lowerTP: 2 upperTP: 2

-----VMADC_VXM-----
	lowerTP: 2 upperTP: 2

-----VMADD_VV-----
	lowerTP: 2 upperTP: 2

-----VMADD_VX-----
	lowerTP: 2 upperTP: 2

-----VMANDN_MM-----
	lowerTP: 1 upperTP: 1

-----VMAND_MM-----
	lowerTP: 1 upperTP: 1

-----VMAXU_VV-----
	lowerTP: 2 upperTP: 2

-----VMAXU_VX-----
	lowerTP: 2 upperTP: 2

-----VMAX_VV-----
	lowerTP: 2 upperTP: 2

-----VMAX_VX-----
	lowerTP: 2 upperTP: 2

-----VMERGE_VVM-----
	lowerTP: 2 upperTP: 2

-----VMERGE_VXM-----
	lowerTP: 2 upperTP: 2

-----VMFEQ_VF-----
	lowerTP: 2 upperTP: 2

-----VMFEQ_VV-----
	lowerTP: 2 upperTP: 2

-----VMFGE_VF-----
	lowerTP: 2 upperTP: 2

-----VMFGT_VF-----
	lowerTP: 2 upperTP: 2

-----VMFLE_VF-----
	lowerTP: 2 upperTP: 2

-----VMFLE_VV-----
	lowerTP: 2 upperTP: 2

-----VMFLT_VF-----
	lowerTP: 2 upperTP: 2

-----VMFLT_VV-----
	lowerTP: 2 upperTP: 2

-----VMFNE_VF-----
	lowerTP: 2 upperTP: 2

-----VMFNE_VV-----
	lowerTP: 2 upperTP: 2

-----VMINU_VV-----
	lowerTP: 2 upperTP: 2

-----VMINU_VX-----
	lowerTP: 2 upperTP: 2

-----VMIN_VV-----
	lowerTP: 2 upperTP: 2

-----VMIN_VX-----
	lowerTP: 2 upperTP: 2

-----VMNAND_MM-----
	lowerTP: 1 upperTP: 1

-----VMNOR_MM-----
	lowerTP: 1 upperTP: 1

-----VMORN_MM-----
	lowerTP: 1 upperTP: 1

-----VMOR_MM-----
	lowerTP: 1 upperTP: 1

-----VMSBC_VV-----
	lowerTP: 2 upperTP: 2

-----VMSBC_VVM-----
	lowerTP: 2 upperTP: 2

-----VMSBC_VX-----
	lowerTP: 2 upperTP: 2

-----VMSBC_VXM-----
	lowerTP: 2 upperTP: 2

-----VMSBF_M-----
	lowerTP: 1 upperTP: 1

-----VMSEQ_VV-----
	lowerTP: 2 upperTP: 2

-----VMSEQ_VX-----
	lowerTP: 2 upperTP: 2

-----VMSGTU_VX-----
	lowerTP: 2 upperTP: 2

-----VMSGT_VX-----
	lowerTP: 2 upperTP: 2

-----VMSIF_M-----
	lowerTP: 1 upperTP: 1

-----VMSLEU_VV-----
	lowerTP: 2 upperTP: 2

-----VMSLEU_VX-----
	lowerTP: 2 upperTP: 2

-----VMSLE_VV-----
	lowerTP: 2 upperTP: 2

-----VMSLE_VX-----
	lowerTP: 2 upperTP: 2

-----VMSLTU_VV-----
	lowerTP: 2 upperTP: 2

-----VMSLTU_VX-----
	lowerTP: 2 upperTP: 2

-----VMSLT_VV-----
	lowerTP: 2 upperTP: 2

-----VMSLT_VX-----
	lowerTP: 2 upperTP: 2

-----VMSNE_VV-----
	lowerTP: 2 upperTP: 2

-----VMSNE_VX-----
	lowerTP: 2 upperTP: 2

-----VMSOF_M-----
	lowerTP: 1 upperTP: 1

-----VMULHSU_VV-----
	lowerTP: 2 upperTP: 2

-----VMULHSU_VX-----
	lowerTP: 2 upperTP: 2

-----VMULHU_VV-----
	lowerTP: 2 upperTP: 2

-----VMULHU_VX-----
	lowerTP: 2 upperTP: 2

-----VMULH_VV-----
	lowerTP: 2 upperTP: 2

-----VMULH_VX-----
	lowerTP: 2 upperTP: 2

-----VMUL_VV-----
	lowerTP: 2 upperTP: 2

-----VMUL_VX-----
	lowerTP: 2 upperTP: 2

-----VMV1R_V-----
	lowerTP: 2 upperTP: 2

-----VMV2R_V-----
	lowerTP: 4 upperTP: 4

-----VMV4R_V-----
	lowerTP: 8.01 upperTP: 8.01

-----VMV8R_V-----
	lowerTP: 16 upperTP: 16

-----VMV_S_X-----
	lowerTP: 1 upperTP: 1

-----VMV_V_V-----
	lowerTP: 2 upperTP: 2

-----VMV_V_X-----
	lowerTP: 2 upperTP: 2

-----VMV_X_S-----
	lowerTP: 2 upperTP: 2

-----VMXNOR_MM-----
	lowerTP: 1 upperTP: 1

-----VMXOR_MM-----
	lowerTP: 1 upperTP: 1

-----VNCLIPU_WV-----
	failed for reason: ERROR_ILLEGAL_INSTRUCTION

-----VNCLIPU_WX-----
	failed for reason: ERROR_ILLEGAL_INSTRUCTION

-----VNCLIP_WV-----
	failed for reason: ERROR_ILLEGAL_INSTRUCTION

-----VNCLIP_WX-----
	failed for reason: ERROR_ILLEGAL_INSTRUCTION

-----VNMSAC_VV-----
	lowerTP: 2 upperTP: 2

-----VNMSAC_VX-----
	lowerTP: 2 upperTP: 2

-----VNMSUB_VV-----
	lowerTP: 2 upperTP: 2

-----VNMSUB_VX-----
	lowerTP: 2 upperTP: 2

-----VNSRA_WV-----
	failed for reason: ERROR_ILLEGAL_INSTRUCTION

-----VNSRA_WX-----
	failed for reason: ERROR_ILLEGAL_INSTRUCTION

-----VNSRL_WV-----
	failed for reason: ERROR_ILLEGAL_INSTRUCTION

-----VNSRL_WX-----
	failed for reason: ERROR_ILLEGAL_INSTRUCTION

-----VOR_VV-----
	lowerTP: 2 upperTP: 2

-----VOR_VX-----
	lowerTP: 2 upperTP: 2

-----VQMACCSU_2x8x2-----
	failed for reason: ERROR_ASSEMBLY

-----VQMACCSU_4x8x4-----
	failed for reason: ERROR_ASSEMBLY

-----VQMACCUS_2x8x2-----
	failed for reason: ERROR_ASSEMBLY

-----VQMACCUS_4x8x4-----
	failed for reason: ERROR_ASSEMBLY

-----VQMACCU_2x8x2-----
	failed for reason: ERROR_ASSEMBLY

-----VQMACCU_4x8x4-----
	failed for reason: ERROR_ASSEMBLY

-----VQMACC_2x8x2-----
	failed for reason: ERROR_ASSEMBLY

-----VQMACC_4x8x4-----
	failed for reason: ERROR_ASSEMBLY

-----VREDAND_VS-----
	lowerTP: 4 upperTP: 4

-----VREDMAXU_VS-----
	lowerTP: 4 upperTP: 4

-----VREDMAX_VS-----
	lowerTP: 4 upperTP: 4

-----VREDMINU_VS-----
	lowerTP: 4 upperTP: 4

-----VREDMIN_VS-----
	lowerTP: 4 upperTP: 4

-----VREDOR_VS-----
	lowerTP: 4 upperTP: 4

-----VREDSUM_VS-----
	lowerTP: 4 upperTP: 4

-----VREDXOR_VS-----
	lowerTP: 4 upperTP: 4

-----VREMU_VV-----
	lowerTP: 22 upperTP: 22

-----VREMU_VX-----
	lowerTP: 22 upperTP: 22

-----VREM_VV-----
	lowerTP: 24 upperTP: 24

-----VREM_VX-----
	lowerTP: 34 upperTP: 34

-----VREV8_V-----
	failed for reason: ERROR_ASSEMBLY

-----VRGATHEREI16_VV-----
	lowerTP: 4 upperTP: 4

-----VRGATHER_VV-----
	lowerTP: 4 upperTP: 4

-----VRGATHER_VX-----
	lowerTP: 2 upperTP: 2

-----VROL_VV-----
	failed for reason: ERROR_ASSEMBLY

-----VROL_VX-----
	failed for reason: ERROR_ASSEMBLY

-----VROR_VV-----
	failed for reason: ERROR_ASSEMBLY

-----VROR_VX-----
	failed for reason: ERROR_ASSEMBLY

-----VRSUB_VX-----
	lowerTP: 2 upperTP: 2

-----VSADDU_VV-----
	lowerTP: 2 upperTP: 2

-----VSADDU_VX-----
	lowerTP: 2 upperTP: 2

-----VSADD_VV-----
	lowerTP: 2 upperTP: 2

-----VSADD_VX-----
	lowerTP: 2 upperTP: 2

-----VSBC_VVM-----
	lowerTP: 2 upperTP: 2

-----VSBC_VXM-----
	lowerTP: 2 upperTP: 2

-----VSETVL-----
	lowerTP: 4 upperTP: 4

-----VSEXT_VF2-----
	lowerTP: 2 upperTP: 2

-----VSEXT_VF4-----
	lowerTP: 2 upperTP: 2

-----VSEXT_VF8-----
	failed for reason: ERROR_ILLEGAL_INSTRUCTION

-----VSHA2CH_VV-----
	failed for reason: ERROR_ASSEMBLY

-----VSHA2CL_VV-----
	failed for reason: ERROR_ASSEMBLY

-----VSHA2MS_VV-----
	failed for reason: ERROR_ASSEMBLY

-----VSLIDE1DOWN_VX-----
	lowerTP: 3 upperTP: 3

-----VSLIDE1UP_VX-----
	lowerTP: 2 upperTP: 2

-----VSLIDEDOWN_VX-----
	lowerTP: 3 upperTP: 3

-----VSLIDEUP_VX-----
	lowerTP: 2 upperTP: 2

-----VSLL_VV-----
	lowerTP: 2 upperTP: 2

-----VSLL_VX-----
	lowerTP: 2 upperTP: 2

-----VSM3ME_VV-----
	failed for reason: ERROR_ASSEMBLY

-----VSM4R_VS-----
	failed for reason: ERROR_ASSEMBLY

-----VSM4R_VV-----
	failed for reason: ERROR_ASSEMBLY

-----VSMUL_VV-----
	lowerTP: 2 upperTP: 2

-----VSMUL_VX-----
	lowerTP: 2 upperTP: 2

-----VSRA_VV-----
	lowerTP: 2 upperTP: 2

-----VSRA_VX-----
	lowerTP: 2 upperTP: 2

-----VSRL_VV-----
	lowerTP: 2 upperTP: 2

-----VSRL_VX-----
	lowerTP: 2 upperTP: 2

-----VSSRA_VV-----
	lowerTP: 2 upperTP: 2

-----VSSRA_VX-----
	lowerTP: 2 upperTP: 2

-----VSSRL_VV-----
	lowerTP: 2 upperTP: 2

-----VSSRL_VX-----
	lowerTP: 2 upperTP: 2

-----VSSUBU_VV-----
	lowerTP: 2 upperTP: 2

-----VSSUBU_VX-----
	lowerTP: 2 upperTP: 2

-----VSSUB_VV-----
	lowerTP: 2 upperTP: 2

-----VSSUB_VX-----
	lowerTP: 2 upperTP: 2

-----VSUB_VV-----
	lowerTP: 2 upperTP: 2

-----VSUB_VX-----
	lowerTP: 2 upperTP: 2

-----VT_MASKC-----
	failed for reason: ERROR_ASSEMBLY

-----VT_MASKCN-----
	failed for reason: ERROR_ASSEMBLY

-----VWADDU_VV-----
	failed for reason: ERROR_ILLEGAL_INSTRUCTION

-----VWADDU_VX-----
	failed for reason: ERROR_ILLEGAL_INSTRUCTION

-----VWADDU_WV-----
	failed for reason: ERROR_ILLEGAL_INSTRUCTION

-----VWADDU_WX-----
	failed for reason: ERROR_ILLEGAL_INSTRUCTION

-----VWADD_VV-----
	failed for reason: ERROR_ILLEGAL_INSTRUCTION

-----VWADD_VX-----
	failed for reason: ERROR_ILLEGAL_INSTRUCTION

-----VWADD_WV-----
	failed for reason: ERROR_ILLEGAL_INSTRUCTION

-----VWADD_WX-----
	failed for reason: ERROR_ILLEGAL_INSTRUCTION

-----VWMACCSU_VV-----
	failed for reason: ERROR_ILLEGAL_INSTRUCTION

-----VWMACCSU_VX-----
	failed for reason: ERROR_ILLEGAL_INSTRUCTION

-----VWMACCUS_VX-----
	failed for reason: ERROR_ILLEGAL_INSTRUCTION

-----VWMACCU_VV-----
	failed for reason: ERROR_ILLEGAL_INSTRUCTION

-----VWMACCU_VX-----
	failed for reason: ERROR_ILLEGAL_INSTRUCTION

-----VWMACC_VV-----
	failed for reason: ERROR_ILLEGAL_INSTRUCTION

-----VWMACC_VX-----
	failed for reason: ERROR_ILLEGAL_INSTRUCTION

-----VWMULSU_VV-----
	failed for reason: ERROR_ILLEGAL_INSTRUCTION

-----VWMULSU_VX-----
	failed for reason: ERROR_ILLEGAL_INSTRUCTION

-----VWMULU_VV-----
	failed for reason: ERROR_ILLEGAL_INSTRUCTION

-----VWMULU_VX-----
	failed for reason: ERROR_ILLEGAL_INSTRUCTION

-----VWMUL_VV-----
	failed for reason: ERROR_ILLEGAL_INSTRUCTION

-----VWMUL_VX-----
	failed for reason: ERROR_ILLEGAL_INSTRUCTION

-----VWREDSUMU_VS-----
	lowerTP: 4 upperTP: 4

-----VWREDSUM_VS-----
	lowerTP: 4 upperTP: 4

-----VWSLL_VV-----
	failed for reason: ERROR_ASSEMBLY

-----VWSLL_VX-----
	failed for reason: ERROR_ASSEMBLY

-----VWSUBU_VV-----
	failed for reason: ERROR_ILLEGAL_INSTRUCTION

-----VWSUBU_VX-----
	failed for reason: ERROR_ILLEGAL_INSTRUCTION

-----VWSUBU_WV-----
	failed for reason: ERROR_ILLEGAL_INSTRUCTION

-----VWSUBU_WX-----
	failed for reason: ERROR_ILLEGAL_INSTRUCTION

-----VWSUB_VV-----
	failed for reason: ERROR_ILLEGAL_INSTRUCTION

-----VWSUB_VX-----
	failed for reason: ERROR_ILLEGAL_INSTRUCTION

-----VWSUB_WV-----
	failed for reason: ERROR_ILLEGAL_INSTRUCTION

-----VWSUB_WX-----
	failed for reason: ERROR_ILLEGAL_INSTRUCTION

-----VXOR_VV-----
	lowerTP: 2 upperTP: 2

-----VXOR_VX-----
	lowerTP: 2 upperTP: 2

-----VZEXT_VF2-----
	lowerTP: 2 upperTP: 2

-----VZEXT_VF4-----
	lowerTP: 2 upperTP: 2

-----VZEXT_VF8-----
	failed for reason: ERROR_ILLEGAL_INSTRUCTION

-----WFI-----
	failed for reason: ERROR_ILLEGAL_INSTRUCTION

-----WRS_NTO-----
	failed for reason: ERROR_ASSEMBLY

-----WRS_STO-----
	failed for reason: ERROR_ASSEMBLY

-----XNOR-----
	failed for reason: ERROR_ASSEMBLY

-----XOR-----
	lowerTP: 0.501 upperTP: 0.501

-----XPERM4-----
	failed for reason: ERROR_ASSEMBLY

-----XPERM8-----
	failed for reason: ERROR_ASSEMBLY

-----ZEXT_H_RV32-----
	lowerTP: 1 upperTP: 1

-----ZEXT_H_RV64-----
	lowerTP: 1 upperTP: 1

-----ZIP_RV32-----
	failed for reason: ERROR_ASSEMBLY

total runtime: 429 (s)
